<?xml version="1.0" encoding="UTF-8"?>
<testng-results skipped="0" failed="0" total="1" passed="1">
  <reporter-output>
  </reporter-output>
  <suite name="Default suite" duration-ms="119307" started-at="2020-05-11T18:41:15Z" finished-at="2020-05-11T18:43:14Z">
    <groups>
    </groups>
    <test name="Default test" duration-ms="119307" started-at="2020-05-11T18:41:15Z" finished-at="2020-05-11T18:43:14Z">
      <class name="com.training.sanity.tests.LoginTC43">
        <test-method status="PASS" signature="setUpBeforeClass()[pri:0, instance:com.training.sanity.tests.LoginTC43@3ec300f1]" name="setUpBeforeClass" is-config="true" duration-ms="16" started-at="2020-05-12T00:11:15Z" finished-at="2020-05-12T00:11:15Z">
          <reporter-output>
          </reporter-output>
        </test-method> <!-- setUpBeforeClass -->
        <test-method status="PASS" signature="setUp()[pri:0, instance:com.training.sanity.tests.LoginTC43@3ec300f1]" name="setUp" is-config="true" duration-ms="25905" started-at="2020-05-12T00:11:15Z" finished-at="2020-05-12T00:11:41Z">
          <reporter-output>
          </reporter-output>
        </test-method> <!-- setUp -->
        <test-method status="PASS" signature="validLoginTest()[pri:0, instance:com.training.sanity.tests.LoginTC43@3ec300f1]" name="validLoginTest" duration-ms="92363" started-at="2020-05-12T00:11:41Z" finished-at="2020-05-12T00:13:13Z">
          <reporter-output>
          </reporter-output>
        </test-method> <!-- validLoginTest -->
        <test-method status="PASS" signature="tearDown()[pri:0, instance:com.training.sanity.tests.LoginTC43@3ec300f1]" name="tearDown" is-config="true" duration-ms="1001" started-at="2020-05-12T00:13:13Z" finished-at="2020-05-12T00:13:14Z">
          <reporter-output>
          </reporter-output>
        </test-method> <!-- tearDown -->
      </class> <!-- com.training.sanity.tests.LoginTC43 -->
    </test> <!-- Default test -->
  </suite> <!-- Default suite -->
</testng-results>
