<?xml version="1.0" encoding="UTF-8"?>
<testng-results skipped="0" failed="0" total="1" passed="1">
  <reporter-output>
  </reporter-output>
  <suite name="Default suite" duration-ms="28309" started-at="2020-05-17T03:20:51Z" finished-at="2020-05-17T03:21:19Z">
    <groups>
    </groups>
    <test name="Default test" duration-ms="28309" started-at="2020-05-17T03:20:51Z" finished-at="2020-05-17T03:21:19Z">
      <class name="com.training.sanity.tests.RETC_44_Table">
        <test-method status="PASS" signature="setUpBeforeClass()[pri:0, instance:com.training.sanity.tests.RETC_44_Table@3ec300f1]" name="setUpBeforeClass" is-config="true" duration-ms="9" started-at="2020-05-17T08:50:51Z" finished-at="2020-05-17T08:50:51Z">
          <reporter-output>
          </reporter-output>
        </test-method> <!-- setUpBeforeClass -->
        <test-method status="PASS" signature="setUp()[pri:0, instance:com.training.sanity.tests.RETC_44_Table@3ec300f1]" name="setUp" is-config="true" duration-ms="26390" started-at="2020-05-17T08:50:51Z" finished-at="2020-05-17T08:51:18Z">
          <reporter-output>
          </reporter-output>
        </test-method> <!-- setUp -->
        <test-method status="PASS" signature="validLoginTest()[pri:0, instance:com.training.sanity.tests.RETC_44_Table@3ec300f1]" name="validLoginTest" duration-ms="28" started-at="2020-05-17T08:51:18Z" finished-at="2020-05-17T08:51:18Z">
          <reporter-output>
          </reporter-output>
        </test-method> <!-- validLoginTest -->
        <test-method status="PASS" signature="tearDown()[pri:0, instance:com.training.sanity.tests.RETC_44_Table@3ec300f1]" name="tearDown" is-config="true" duration-ms="1862" started-at="2020-05-17T08:51:18Z" finished-at="2020-05-17T08:51:19Z">
          <reporter-output>
          </reporter-output>
        </test-method> <!-- tearDown -->
      </class> <!-- com.training.sanity.tests.RETC_44_Table -->
    </test> <!-- Default test -->
  </suite> <!-- Default suite -->
</testng-results>
